<?xml version="1.0" encoding="UTF-8"?>
<testsuite xmlns:xsi="http://www.w3.org/2001/XMLSchema-instance" xsi:noNamespaceSchemaLocation="https://maven.apache.org/surefire/maven-surefire-plugin/xsd/surefire-test-report-3.0.xsd" version="3.0" name="com.merveyilmaz.cohortssecondhw.CohortsSecondHwApplicationTests" time="1.599" tests="1" errors="0" skipped="0" failures="0">
  <properties>
[...]
</properties>
  <testcase name="contextLoads" classname="com.merveyilmaz.cohortssecondhw.CohortsSecondHwApplicationTests" time="0.699">
    <system-out><![CDATA[22:09:25.796 [main] INFO org.springframework.test.context.support.AnnotationConfigContextLoaderUtils -- Could not detect default configuration classes for test class [com.merveyilmaz.cohortssecondhw.CohortsSecondHwApplicationTests]: CohortsSecondHwApplicationTests does not declare any static, non-private, non-final, nested classes annotated with @Configuration.
22:09:25.871 [main] INFO org.springframework.boot.test.context.SpringBootTestContextBootstrapper -- Found @SpringBootConfiguration com.merveyilmaz.cohortssecondhw.CohortsSecondHwApplication for test class com.merveyilmaz.cohortssecondhw.CohortsSecondHwApplicationTests

  .   ____          _            __ _ _
 /\\ / ___'_ __ _ _(_)_ __  __ _ \ \ \ \
( ( )\___ | '_ | '_| | '_ \/ _` | \ \ \ \
 \\/  ___)| |_)| | | | | || (_| |  ) ) ) )
  '  |____| .__|_| |_|_| |_\__, | / / / /
 =========|_|==============|___/=/_/_/_/
 :: Spring Boot ::                (v3.2.3)

2024-02-28T22:09:26.142+03:00  INFO 10440 --- [           main] c.m.c.CohortsSecondHwApplicationTests    : Starting CohortsSecondHwApplicationTests using Java 21.0.2 with PID 10440 (started by yilma in C:\n11Bootcamp\cohorts homeworks\cohorts-second-hw\cohorts-second-hw)
2024-02-28T22:09:26.143+03:00  INFO 10440 --- [           main] c.m.c.CohortsSecondHwApplicationTests    : No active profile set, falling back to 1 default profile: "default"
2024-02-28T22:09:26.567+03:00  INFO 10440 --- [           main] c.m.c.CohortsSecondHwApplicationTests    : Started CohortsSecondHwApplicationTests in 0.593 seconds (process running for 1.265)
]]></system-out>
    <system-err><![CDATA[WARNING: A Java agent has been loaded dynamically (C:\Users\yilma\.m2\repository\net\bytebuddy\byte-buddy-agent\1.14.12\byte-buddy-agent-1.14.12.jar)
WARNING: If a serviceability tool is in use, please run with -XX:+EnableDynamicAgentLoading to hide this warning
WARNING: If a serviceability tool is not in use, please run with -Djdk.instrument.traceUsage for more information
WARNING: Dynamic loading of agents will be disallowed by default in a future release
]]></system-err>
  </testcase>
</testsuite>